
ROM used:   570 (2%)
            570 (2%) including unused fragments

            2 Average locations per line
            41 Average locations per statement

RAM used:   9 (1%) at main() level
            20 (1%) worst case

Stack used: 1/31 worst case (1 in main + 0 for interrupts)

Lines Stmts  %   Files
----- ----- ---  -----
   32    14 100  ccp.c
  322     0   0  C:\PICC\Devices\18F252.h
----- -----
  354    14 Total

Page ROM  %  RAM   Vol Diff  Functions:
---- --- --- ---   --- ----  ----------
0     40   4   1             @delay_ms1
0    168  15   0   422  7.3  main
0     56   5   2             @ITOF
0    244  21  11             @MULFF
0     58   5   4             @SFTOI
 Inline        0             @cinit1

Program metrics:
    Functions               1
    Statements              14
    Comments                78
    Volume (V)              432
    Difficulty (D)          6.4
    Effort to implement (E) 2779
    Time to implement (T)   3 minutes
    Est Delivered Bugs (B)  0
    Cyclomatic Complexity   2
    Maintainability (MI)    141

 Segment     Used  Free
-----------  ----  ----
00000-00002     4  0  
00004-07FFE   566  32198  



